<?xml version="1.0" encoding="UTF-8"?>
<!-- Generated by org.testng.reporters.JUnitXMLReporter -->
<testsuite hostname="DESKTOP-GHICI8Q" ignored="0" name="Launch Browser" tests="4" failures="4" timestamp="06 Jan 2019 01:33:13 GMT" time="7.167" errors="0">
  <testcase name="verifyInvalidAge" time="0.003" classname="org.quotation.project.Validation">
    <failure type="java.lang.AssertionError" message="Not yet implemented">
      <![CDATA[java.lang.AssertionError: Not yet implemented
at org.quotation.project.Validation.verifyInvalidAge(Validation.java:34)
... Removed 29 stack frames]]>
    </failure>
  </testcase> <!-- verifyInvalidAge -->
  <testcase name="verifyInvalidMileage" time="0.0" classname="org.quotation.project.Validation">
    <failure type="java.lang.AssertionError" message="Not yet implemented">
      <![CDATA[java.lang.AssertionError: Not yet implemented
at org.quotation.project.Validation.verifyInvalidMileage(Validation.java:39)
... Removed 29 stack frames]]>
    </failure>
  </testcase> <!-- verifyInvalidMileage -->
  <testcase name="verifyPremiumCalculation" time="0.0" classname="org.quotation.project.CalculatePremium">
    <failure type="java.lang.AssertionError" message="Not yet implemented">
      <![CDATA[java.lang.AssertionError: Not yet implemented
at org.quotation.project.CalculatePremium.verifyPremiumCalculation(CalculatePremium.java:10)
... Removed 29 stack frames]]>
    </failure>
  </testcase> <!-- verifyPremiumCalculation -->
  <testcase name="verifyLayout" time="0.0" classname="org.quotation.project.Layout">
    <failure type="java.lang.AssertionError" message="Not yet implemented">
      <![CDATA[java.lang.AssertionError: Not yet implemented
at org.quotation.project.Layout.verifyLayout(Layout.java:10)
... Removed 29 stack frames]]>
    </failure>
  </testcase> <!-- verifyLayout -->
</testsuite> <!-- Launch Browser -->
