<?xml version="1.0" encoding="UTF-8"?>
<testsuite xmlns:xsi="http://www.w3.org/2001/XMLSchema-instance" xsi:schemaLocation="https://maven.apache.org/surefire/maven-surefire-plugin/xsd/surefire-test-report.xsd" name="TestSuite" time="17.943" tests="17" errors="0" skipped="0" failures="17">
  <properties>
[...]
</properties>
  <testcase name="verifyAgeValidation" classname="org.quotation.project.ValidateAge" time="0.431">
    <failure message="Not yet implented" type="java.lang.AssertionError">java.lang.AssertionError: Not yet implented
	at org.quotation.project.ValidateAge.verifyAgeValidation(ValidateAge.java:11)
</failure>
    <system-out><![CDATA[[main] INFO  utilities.LogReport  - Begin Test
[main] INFO  utilities.LogReport  - About to begin executing the following test : verifyAgeValidation Parameters: None
[main] INFO  utilities.LogReport  - Completed executing the following test : verifyAgeValidation Parameters: None
[main] ERROR utilities.LogReport  - verifyAgeValidation  FAILED Not yet implented
]]></system-out>
  </testcase>
  <testcase name="verifyMileageValidation" classname="org.quotation.project.ValidateMileage" time="0.29">
    <failure message="Not yet implented" type="java.lang.AssertionError">java.lang.AssertionError: Not yet implented
	at org.quotation.project.ValidateMileage.verifyMileageValidation(ValidateMileage.java:11)
</failure>
    <system-out><![CDATA[[main] INFO  utilities.LogReport  - About to begin executing the following test : verifyMileageValidation Parameters: None
[main] INFO  utilities.LogReport  - Completed executing the following test : verifyMileageValidation Parameters: None
[main] ERROR utilities.LogReport  - verifyMileageValidation  FAILED Not yet implented
]]></system-out>
  </testcase>
  <testcase name="verifyAge" classname="org.quotation.project.ValidateLayout" time="0.314">
    <failure message="Not yet implemented" type="java.lang.AssertionError">java.lang.AssertionError: Not yet implemented
	at org.quotation.project.ValidateLayout.verifyAge(ValidateLayout.java:22)
</failure>
    <system-out><![CDATA[[main] INFO  utilities.LogReport  - About to begin executing the following test : beforeClass Parameters: (Chrome)
[main] INFO  utilities.LogReport  - Completed executing the following test : beforeClass Parameters: (Chrome)
[main] INFO  utilities.LogReport  - About to begin executing the following test : verifyAge Parameters: None
[main] INFO  utilities.LogReport  - Completed executing the following test : verifyAge Parameters: None
[main] ERROR utilities.LogReport  - verifyAge  FAILED Not yet implemented
]]></system-out>
    <system-err><![CDATA[SLF4J: Failed to load class "org.slf4j.impl.StaticLoggerBinder".
SLF4J: Defaulting to no-operation (NOP) logger implementation
SLF4J: See http://www.slf4j.org/codes.html#StaticLoggerBinder for further details.
Jan 10, 2019 12:14:27 PM java.util.prefs.WindowsPreferences <init>
WARNING: Could not open/create prefs root node Software\JavaSoft\Prefs at root 0x80000002. Windows RegCreateKeyEx(...) returned error code 5.
Starting ChromeDriver 72.0.3626.7 (efcef9a3ecda02b2132af215116a03852d08b9cb) on port 16424
Only local connections are allowed.
Jan 10, 2019 12:14:29 PM org.openqa.selenium.remote.ProtocolHandshake createSession
INFO: Detected dialect: OSS
]]></system-err>
  </testcase>
  <testcase name="verifyAnnualPremium" classname="org.quotation.project.ValidateLayout" time="0.304">
    <failure message="Not yet implemented" type="java.lang.AssertionError">java.lang.AssertionError: Not yet implemented
	at org.quotation.project.ValidateLayout.verifyAnnualPremium(ValidateLayout.java:70)
</failure>
    <system-out><![CDATA[[main] INFO  utilities.LogReport  - About to begin executing the following test : verifyAnnualPremium Parameters: None
[main] INFO  utilities.LogReport  - Completed executing the following test : verifyAnnualPremium Parameters: None
[main] ERROR utilities.LogReport  - verifyAnnualPremium  FAILED Not yet implemented
]]></system-out>
  </testcase>
  <testcase name="verifyCalculatePremium" classname="org.quotation.project.ValidateLayout" time="0.312">
    <failure message="Not yet implemented" type="java.lang.AssertionError">java.lang.AssertionError: Not yet implemented
	at org.quotation.project.ValidateLayout.verifyCalculatePremium(ValidateLayout.java:82)
</failure>
    <system-out><![CDATA[[main] INFO  utilities.LogReport  - About to begin executing the following test : verifyCalculatePremium Parameters: None
[main] INFO  utilities.LogReport  - Completed executing the following test : verifyCalculatePremium Parameters: None
[main] ERROR utilities.LogReport  - verifyCalculatePremium  FAILED Not yet implemented
]]></system-out>
  </testcase>
  <testcase name="verifyClaims" classname="org.quotation.project.ValidateLayout" time="0.302">
    <failure message="Not yet implemented" type="java.lang.AssertionError">java.lang.AssertionError: Not yet implemented
	at org.quotation.project.ValidateLayout.verifyClaims(ValidateLayout.java:58)
</failure>
    <system-out><![CDATA[[main] INFO  utilities.LogReport  - About to begin executing the following test : verifyClaims Parameters: None
[main] INFO  utilities.LogReport  - Completed executing the following test : verifyClaims Parameters: None
[main] ERROR utilities.LogReport  - verifyClaims  FAILED Not yet implemented
]]></system-out>
  </testcase>
  <testcase name="verifyClear" classname="org.quotation.project.ValidateLayout" time="0.31">
    <failure message="Not yet implemented" type="java.lang.AssertionError">java.lang.AssertionError: Not yet implemented
	at org.quotation.project.ValidateLayout.verifyClear(ValidateLayout.java:88)
</failure>
    <system-out><![CDATA[[main] INFO  utilities.LogReport  - About to begin executing the following test : verifyClear Parameters: None
[main] INFO  utilities.LogReport  - Completed executing the following test : verifyClear Parameters: None
[main] ERROR utilities.LogReport  - verifyClear  FAILED Not yet implemented
]]></system-out>
  </testcase>
  <testcase name="verifyCover" classname="org.quotation.project.ValidateLayout" time="0.3">
    <failure message="Not yet implemented" type="java.lang.AssertionError">java.lang.AssertionError: Not yet implemented
	at org.quotation.project.ValidateLayout.verifyCover(ValidateLayout.java:52)
</failure>
    <system-out><![CDATA[[main] INFO  utilities.LogReport  - About to begin executing the following test : verifyCover Parameters: None
[main] INFO  utilities.LogReport  - Completed executing the following test : verifyCover Parameters: None
[main] ERROR utilities.LogReport  - verifyCover  FAILED Not yet implemented
]]></system-out>
  </testcase>
  <testcase name="verifyEmail" classname="org.quotation.project.ValidateLayout" time="0.292">
    <failure message="Not yet implemented" type="java.lang.AssertionError">java.lang.AssertionError: Not yet implemented
	at org.quotation.project.ValidateLayout.verifyEmail(ValidateLayout.java:16)
</failure>
    <system-out><![CDATA[[main] INFO  utilities.LogReport  - About to begin executing the following test : verifyEmail Parameters: None
[main] INFO  utilities.LogReport  - Completed executing the following test : verifyEmail Parameters: None
[main] ERROR utilities.LogReport  - verifyEmail  FAILED Not yet implemented
]]></system-out>
  </testcase>
  <testcase name="verifyEngineSize" classname="org.quotation.project.ValidateLayout" time="0.312">
    <failure message="Not yet implemented" type="java.lang.AssertionError">java.lang.AssertionError: Not yet implemented
	at org.quotation.project.ValidateLayout.verifyEngineSize(ValidateLayout.java:46)
</failure>
    <system-out><![CDATA[[main] INFO  utilities.LogReport  - About to begin executing the following test : verifyEngineSize Parameters: None
[main] INFO  utilities.LogReport  - Completed executing the following test : verifyEngineSize Parameters: None
[main] ERROR utilities.LogReport  - verifyEngineSize  FAILED Not yet implemented
]]></system-out>
  </testcase>
  <testcase name="verifyMakeAndModel" classname="org.quotation.project.ValidateLayout" time="0.289">
    <failure message="Not yet implemented" type="java.lang.AssertionError">java.lang.AssertionError: Not yet implemented
	at org.quotation.project.ValidateLayout.verifyMakeAndModel(ValidateLayout.java:28)
</failure>
    <system-out><![CDATA[[main] INFO  utilities.LogReport  - About to begin executing the following test : verifyMakeAndModel Parameters: None
[main] INFO  utilities.LogReport  - Completed executing the following test : verifyMakeAndModel Parameters: None
[main] ERROR utilities.LogReport  - verifyMakeAndModel  FAILED Not yet implemented
]]></system-out>
  </testcase>
  <testcase name="verifyMileage" classname="org.quotation.project.ValidateLayout" time="0.29">
    <failure message="Not yet implemented" type="java.lang.AssertionError">java.lang.AssertionError: Not yet implemented
	at org.quotation.project.ValidateLayout.verifyMileage(ValidateLayout.java:64)
</failure>
    <system-out><![CDATA[[main] INFO  utilities.LogReport  - About to begin executing the following test : verifyMileage Parameters: None
[main] INFO  utilities.LogReport  - Completed executing the following test : verifyMileage Parameters: None
[main] ERROR utilities.LogReport  - verifyMileage  FAILED Not yet implemented
]]></system-out>
  </testcase>
  <testcase name="verifyMonthlyPremium" classname="org.quotation.project.ValidateLayout" time="0.292">
    <failure message="Not yet implemented" type="java.lang.AssertionError">java.lang.AssertionError: Not yet implemented
	at org.quotation.project.ValidateLayout.verifyMonthlyPremium(ValidateLayout.java:76)
</failure>
    <system-out><![CDATA[[main] INFO  utilities.LogReport  - About to begin executing the following test : verifyMonthlyPremium Parameters: None
[main] INFO  utilities.LogReport  - Completed executing the following test : verifyMonthlyPremium Parameters: None
[main] ERROR utilities.LogReport  - verifyMonthlyPremium  FAILED Not yet implemented
]]></system-out>
  </testcase>
  <testcase name="verifyName" classname="org.quotation.project.ValidateLayout" time="0.301">
    <failure message="Not yet implemented" type="java.lang.AssertionError">java.lang.AssertionError: Not yet implemented
	at org.quotation.project.ValidateLayout.verifyName(ValidateLayout.java:10)
</failure>
    <system-out><![CDATA[[main] INFO  utilities.LogReport  - About to begin executing the following test : verifyName Parameters: None
[main] INFO  utilities.LogReport  - Completed executing the following test : verifyName Parameters: None
[main] ERROR utilities.LogReport  - verifyName  FAILED Not yet implemented
]]></system-out>
  </testcase>
  <testcase name="verifyRegistrationNo" classname="org.quotation.project.ValidateLayout" time="0.287">
    <failure message="Not yet implemented" type="java.lang.AssertionError">java.lang.AssertionError: Not yet implemented
	at org.quotation.project.ValidateLayout.verifyRegistrationNo(ValidateLayout.java:34)
</failure>
    <system-out><![CDATA[[main] INFO  utilities.LogReport  - About to begin executing the following test : verifyRegistrationNo Parameters: None
[main] INFO  utilities.LogReport  - Completed executing the following test : verifyRegistrationNo Parameters: None
[main] ERROR utilities.LogReport  - verifyRegistrationNo  FAILED Not yet implemented
]]></system-out>
  </testcase>
  <testcase name="verifyValuation" classname="org.quotation.project.ValidateLayout" time="0.308">
    <failure message="Not yet implemented" type="java.lang.AssertionError">java.lang.AssertionError: Not yet implemented
	at org.quotation.project.ValidateLayout.verifyValuation(ValidateLayout.java:40)
</failure>
    <system-out><![CDATA[[main] INFO  utilities.LogReport  - About to begin executing the following test : verifyValuation Parameters: None
[main] INFO  utilities.LogReport  - Completed executing the following test : verifyValuation Parameters: None
[main] ERROR utilities.LogReport  - verifyValuation  FAILED Not yet implemented
]]></system-out>
  </testcase>
  <testcase name="verifyPremiumCalculation" classname="org.quotation.project.ValidateCalculatePremium" time="3.315">
    <failure message="Not yet Implemented" type="java.lang.AssertionError">java.lang.AssertionError: Not yet Implemented
	at org.quotation.project.ValidateCalculatePremium.verifyPremiumCalculation(ValidateCalculatePremium.java:19)
</failure>
    <system-out><![CDATA[[main] INFO  utilities.LogReport  - About to begin executing the following test : afterClass Parameters: None
[main] INFO  utilities.LogReport  - Completed executing the following test : afterClass Parameters: None
[main] INFO  utilities.LogReport  - About to begin executing the following test : beforeClass Parameters: (Chrome)
[main] INFO  utilities.LogReport  - Completed executing the following test : beforeClass Parameters: (Chrome)
[main] INFO  utilities.LogReport  - About to begin executing the following test : initialize Parameters: None
[main] INFO  utilities.LogReport  - Completed executing the following test : initialize Parameters: None
[main] INFO  utilities.LogReport  - About to begin executing the following test : verifyPremiumCalculation Parameters: None
[main] INFO  utilities.LogReport  - Completed executing the following test : verifyPremiumCalculation Parameters: None
[main] ERROR utilities.LogReport  - verifyPremiumCalculation  FAILED Not yet Implemented
]]></system-out>
    <system-err><![CDATA[Starting ChromeDriver 72.0.3626.7 (efcef9a3ecda02b2132af215116a03852d08b9cb) on port 14198
Only local connections are allowed.
Jan 10, 2019 12:14:38 PM org.openqa.selenium.remote.ProtocolHandshake createSession
INFO: Detected dialect: OSS
]]></system-err>
  </testcase>
</testsuite>