-------------------------------------------------------------------------------
Test set: TestSuite
-------------------------------------------------------------------------------
Tests run: 17, Failures: 17, Errors: 0, Skipped: 0, Time elapsed: 17.943 sec <<< FAILURE! - in TestSuite
verifyAgeValidation(org.quotation.project.ValidateAge)  Time elapsed: 0.431 sec  <<< FAILURE!
java.lang.AssertionError: Not yet implented
	at org.quotation.project.ValidateAge.verifyAgeValidation(ValidateAge.java:11)

verifyMileageValidation(org.quotation.project.ValidateMileage)  Time elapsed: 0.29 sec  <<< FAILURE!
java.lang.AssertionError: Not yet implented
	at org.quotation.project.ValidateMileage.verifyMileageValidation(ValidateMileage.java:11)

verifyAge(org.quotation.project.ValidateLayout)  Time elapsed: 0.314 sec  <<< FAILURE!
java.lang.AssertionError: Not yet implemented
	at org.quotation.project.ValidateLayout.verifyAge(ValidateLayout.java:22)

verifyAnnualPremium(org.quotation.project.ValidateLayout)  Time elapsed: 0.304 sec  <<< FAILURE!
java.lang.AssertionError: Not yet implemented
	at org.quotation.project.ValidateLayout.verifyAnnualPremium(ValidateLayout.java:70)

verifyCalculatePremium(org.quotation.project.ValidateLayout)  Time elapsed: 0.312 sec  <<< FAILURE!
java.lang.AssertionError: Not yet implemented
	at org.quotation.project.ValidateLayout.verifyCalculatePremium(ValidateLayout.java:82)

verifyClaims(org.quotation.project.ValidateLayout)  Time elapsed: 0.302 sec  <<< FAILURE!
java.lang.AssertionError: Not yet implemented
	at org.quotation.project.ValidateLayout.verifyClaims(ValidateLayout.java:58)

verifyClear(org.quotation.project.ValidateLayout)  Time elapsed: 0.31 sec  <<< FAILURE!
java.lang.AssertionError: Not yet implemented
	at org.quotation.project.ValidateLayout.verifyClear(ValidateLayout.java:88)

verifyCover(org.quotation.project.ValidateLayout)  Time elapsed: 0.3 sec  <<< FAILURE!
java.lang.AssertionError: Not yet implemented
	at org.quotation.project.ValidateLayout.verifyCover(ValidateLayout.java:52)

verifyEmail(org.quotation.project.ValidateLayout)  Time elapsed: 0.292 sec  <<< FAILURE!
java.lang.AssertionError: Not yet implemented
	at org.quotation.project.ValidateLayout.verifyEmail(ValidateLayout.java:16)

verifyEngineSize(org.quotation.project.ValidateLayout)  Time elapsed: 0.312 sec  <<< FAILURE!
java.lang.AssertionError: Not yet implemented
	at org.quotation.project.ValidateLayout.verifyEngineSize(ValidateLayout.java:46)

verifyMakeAndModel(org.quotation.project.ValidateLayout)  Time elapsed: 0.289 sec  <<< FAILURE!
java.lang.AssertionError: Not yet implemented
	at org.quotation.project.ValidateLayout.verifyMakeAndModel(ValidateLayout.java:28)

verifyMileage(org.quotation.project.ValidateLayout)  Time elapsed: 0.29 sec  <<< FAILURE!
java.lang.AssertionError: Not yet implemented
	at org.quotation.project.ValidateLayout.verifyMileage(ValidateLayout.java:64)

verifyMonthlyPremium(org.quotation.project.ValidateLayout)  Time elapsed: 0.292 sec  <<< FAILURE!
java.lang.AssertionError: Not yet implemented
	at org.quotation.project.ValidateLayout.verifyMonthlyPremium(ValidateLayout.java:76)

verifyName(org.quotation.project.ValidateLayout)  Time elapsed: 0.301 sec  <<< FAILURE!
java.lang.AssertionError: Not yet implemented
	at org.quotation.project.ValidateLayout.verifyName(ValidateLayout.java:10)

verifyRegistrationNo(org.quotation.project.ValidateLayout)  Time elapsed: 0.287 sec  <<< FAILURE!
java.lang.AssertionError: Not yet implemented
	at org.quotation.project.ValidateLayout.verifyRegistrationNo(ValidateLayout.java:34)

verifyValuation(org.quotation.project.ValidateLayout)  Time elapsed: 0.308 sec  <<< FAILURE!
java.lang.AssertionError: Not yet implemented
	at org.quotation.project.ValidateLayout.verifyValuation(ValidateLayout.java:40)

verifyPremiumCalculation(org.quotation.project.ValidateCalculatePremium)  Time elapsed: 3.315 sec  <<< FAILURE!
java.lang.AssertionError: Not yet Implemented
	at org.quotation.project.ValidateCalculatePremium.verifyPremiumCalculation(ValidateCalculatePremium.java:19)

