<?xml version="1.0" encoding="UTF-8"?>
<!-- Generated by org.testng.reporters.JUnitXMLReporter -->
<testsuite hostname="ST-18" ignored="0" name="Calculate Premium (Chrome Browser)" tests="17" failures="17" timestamp="10 Jan 2019 11:14:43 GMT" time="17.364" errors="0">
  <testcase name="verifyAgeValidation" time="0.005" classname="org.quotation.project.ValidateAge">
    <failure type="java.lang.AssertionError" message="Not yet implented">
      <![CDATA[java.lang.AssertionError: Not yet implented
at org.quotation.project.ValidateAge.verifyAgeValidation(ValidateAge.java:11)
... Removed 29 stack frames]]>
    </failure>
  </testcase> <!-- verifyAgeValidation -->
  <testcase name="verifyMileageValidation" time="0.001" classname="org.quotation.project.ValidateMileage">
    <failure type="java.lang.AssertionError" message="Not yet implented">
      <![CDATA[java.lang.AssertionError: Not yet implented
at org.quotation.project.ValidateMileage.verifyMileageValidation(ValidateMileage.java:11)
... Removed 29 stack frames]]>
    </failure>
  </testcase> <!-- verifyMileageValidation -->
  <testcase name="verifyAge" time="0.0" classname="org.quotation.project.ValidateLayout">
    <failure type="java.lang.AssertionError" message="Not yet implemented">
      <![CDATA[java.lang.AssertionError: Not yet implemented
at org.quotation.project.ValidateLayout.verifyAge(ValidateLayout.java:22)
... Removed 29 stack frames]]>
    </failure>
  </testcase> <!-- verifyAge -->
  <testcase name="verifyAnnualPremium" time="0.0" classname="org.quotation.project.ValidateLayout">
    <failure type="java.lang.AssertionError" message="Not yet implemented">
      <![CDATA[java.lang.AssertionError: Not yet implemented
at org.quotation.project.ValidateLayout.verifyAnnualPremium(ValidateLayout.java:70)
... Removed 29 stack frames]]>
    </failure>
  </testcase> <!-- verifyAnnualPremium -->
  <testcase name="verifyCalculatePremium" time="0.001" classname="org.quotation.project.ValidateLayout">
    <failure type="java.lang.AssertionError" message="Not yet implemented">
      <![CDATA[java.lang.AssertionError: Not yet implemented
at org.quotation.project.ValidateLayout.verifyCalculatePremium(ValidateLayout.java:82)
... Removed 29 stack frames]]>
    </failure>
  </testcase> <!-- verifyCalculatePremium -->
  <testcase name="verifyClaims" time="0.001" classname="org.quotation.project.ValidateLayout">
    <failure type="java.lang.AssertionError" message="Not yet implemented">
      <![CDATA[java.lang.AssertionError: Not yet implemented
at org.quotation.project.ValidateLayout.verifyClaims(ValidateLayout.java:58)
... Removed 29 stack frames]]>
    </failure>
  </testcase> <!-- verifyClaims -->
  <testcase name="verifyClear" time="0.0" classname="org.quotation.project.ValidateLayout">
    <failure type="java.lang.AssertionError" message="Not yet implemented">
      <![CDATA[java.lang.AssertionError: Not yet implemented
at org.quotation.project.ValidateLayout.verifyClear(ValidateLayout.java:88)
... Removed 29 stack frames]]>
    </failure>
  </testcase> <!-- verifyClear -->
  <testcase name="verifyCover" time="0.0" classname="org.quotation.project.ValidateLayout">
    <failure type="java.lang.AssertionError" message="Not yet implemented">
      <![CDATA[java.lang.AssertionError: Not yet implemented
at org.quotation.project.ValidateLayout.verifyCover(ValidateLayout.java:52)
... Removed 29 stack frames]]>
    </failure>
  </testcase> <!-- verifyCover -->
  <testcase name="verifyEmail" time="0.001" classname="org.quotation.project.ValidateLayout">
    <failure type="java.lang.AssertionError" message="Not yet implemented">
      <![CDATA[java.lang.AssertionError: Not yet implemented
at org.quotation.project.ValidateLayout.verifyEmail(ValidateLayout.java:16)
... Removed 29 stack frames]]>
    </failure>
  </testcase> <!-- verifyEmail -->
  <testcase name="verifyEngineSize" time="0.0" classname="org.quotation.project.ValidateLayout">
    <failure type="java.lang.AssertionError" message="Not yet implemented">
      <![CDATA[java.lang.AssertionError: Not yet implemented
at org.quotation.project.ValidateLayout.verifyEngineSize(ValidateLayout.java:46)
... Removed 29 stack frames]]>
    </failure>
  </testcase> <!-- verifyEngineSize -->
  <testcase name="verifyMakeAndModel" time="0.0" classname="org.quotation.project.ValidateLayout">
    <failure type="java.lang.AssertionError" message="Not yet implemented">
      <![CDATA[java.lang.AssertionError: Not yet implemented
at org.quotation.project.ValidateLayout.verifyMakeAndModel(ValidateLayout.java:28)
... Removed 29 stack frames]]>
    </failure>
  </testcase> <!-- verifyMakeAndModel -->
  <testcase name="verifyMileage" time="0.001" classname="org.quotation.project.ValidateLayout">
    <failure type="java.lang.AssertionError" message="Not yet implemented">
      <![CDATA[java.lang.AssertionError: Not yet implemented
at org.quotation.project.ValidateLayout.verifyMileage(ValidateLayout.java:64)
... Removed 29 stack frames]]>
    </failure>
  </testcase> <!-- verifyMileage -->
  <testcase name="verifyMonthlyPremium" time="0.001" classname="org.quotation.project.ValidateLayout">
    <failure type="java.lang.AssertionError" message="Not yet implemented">
      <![CDATA[java.lang.AssertionError: Not yet implemented
at org.quotation.project.ValidateLayout.verifyMonthlyPremium(ValidateLayout.java:76)
... Removed 29 stack frames]]>
    </failure>
  </testcase> <!-- verifyMonthlyPremium -->
  <testcase name="verifyName" time="0.001" classname="org.quotation.project.ValidateLayout">
    <failure type="java.lang.AssertionError" message="Not yet implemented">
      <![CDATA[java.lang.AssertionError: Not yet implemented
at org.quotation.project.ValidateLayout.verifyName(ValidateLayout.java:10)
... Removed 29 stack frames]]>
    </failure>
  </testcase> <!-- verifyName -->
  <testcase name="verifyRegistrationNo" time="0.001" classname="org.quotation.project.ValidateLayout">
    <failure type="java.lang.AssertionError" message="Not yet implemented">
      <![CDATA[java.lang.AssertionError: Not yet implemented
at org.quotation.project.ValidateLayout.verifyRegistrationNo(ValidateLayout.java:34)
... Removed 29 stack frames]]>
    </failure>
  </testcase> <!-- verifyRegistrationNo -->
  <testcase name="verifyValuation" time="0.0" classname="org.quotation.project.ValidateLayout">
    <failure type="java.lang.AssertionError" message="Not yet implemented">
      <![CDATA[java.lang.AssertionError: Not yet implemented
at org.quotation.project.ValidateLayout.verifyValuation(ValidateLayout.java:40)
... Removed 29 stack frames]]>
    </failure>
  </testcase> <!-- verifyValuation -->
  <testcase name="verifyPremiumCalculation" time="3.0" classname="org.quotation.project.ValidateCalculatePremium">
    <failure type="java.lang.AssertionError" message="Not yet Implemented">
      <![CDATA[java.lang.AssertionError: Not yet Implemented
at org.quotation.project.ValidateCalculatePremium.verifyPremiumCalculation(ValidateCalculatePremium.java:19)
... Removed 29 stack frames]]>
    </failure>
  </testcase> <!-- verifyPremiumCalculation -->
</testsuite> <!-- Calculate Premium (Chrome Browser) -->
